h:\college_year4\multiplayer_ca3\multiplayerca3\robocatclient\debug\vc141.pdb
h:\college_year4\multiplayer_ca3\multiplayerca3\robocatclient\debug\vc141.idb
h:\college_year4\multiplayer_ca3\multiplayerca3\robocatclient\debug\robocatclient.pch
h:\college_year4\multiplayer_ca3\multiplayerca3\robocatclient\debug\robocatclientpch.obj
h:\college_year4\multiplayer_ca3\multiplayerca3\robocatclient\debug\yarnclient.obj
h:\college_year4\multiplayer_ca3\multiplayerca3\robocatclient\debug\client.obj
h:\college_year4\multiplayer_ca3\multiplayerca3\robocatclient\debug\clientmain.obj
h:\college_year4\multiplayer_ca3\multiplayerca3\robocatclient\debug\graphicsdriver.obj
h:\college_year4\multiplayer_ca3\multiplayerca3\robocatclient\debug\hud.obj
h:\college_year4\multiplayer_ca3\multiplayerca3\robocatclient\debug\inputmanager.obj
h:\college_year4\multiplayer_ca3\multiplayerca3\robocatclient\debug\networkmanagerclient.obj
h:\college_year4\multiplayer_ca3\multiplayerca3\robocatclient\debug\rendermanager.obj
h:\college_year4\multiplayer_ca3\multiplayerca3\robocatclient\debug\replicationmanagerclient.obj
h:\college_year4\multiplayer_ca3\multiplayerca3\robocatclient\debug\robocatclient.obj
h:\college_year4\multiplayer_ca3\multiplayerca3\robocatclient\debug\spritecomponent.obj
h:\college_year4\multiplayer_ca3\multiplayerca3\robocatclient\debug\texture.obj
h:\college_year4\multiplayer_ca3\multiplayerca3\robocatclient\debug\texturemanager.obj
h:\college_year4\multiplayer_ca3\multiplayerca3\robocatclient\debug\mouseclient.obj
h:\college_year4\multiplayer_ca3\multiplayerca3\robocatclient\debug\windowmanager.obj
h:\college_year4\multiplayer_ca3\multiplayerca3\debug\robocatclient.exe
h:\college_year4\multiplayer_ca3\multiplayerca3\debug\robocatclient.ilk
h:\college_year4\multiplayer_ca3\multiplayerca3\debug\robocatclient.pdb
h:\college_year4\multiplayer_ca3\multiplayerca3\robocatclient\debug\robocatclient.tlog\cl.command.1.tlog
h:\college_year4\multiplayer_ca3\multiplayerca3\robocatclient\debug\robocatclient.tlog\cl.read.1.tlog
h:\college_year4\multiplayer_ca3\multiplayerca3\robocatclient\debug\robocatclient.tlog\cl.write.1.tlog
h:\college_year4\multiplayer_ca3\multiplayerca3\robocatclient\debug\robocatclient.tlog\link.command.1.tlog
h:\college_year4\multiplayer_ca3\multiplayerca3\robocatclient\debug\robocatclient.tlog\link.read.1.tlog
h:\college_year4\multiplayer_ca3\multiplayerca3\robocatclient\debug\robocatclient.tlog\link.write.1.tlog
