  RoboCatClientPCH.cpp
  WindowManager.cpp
  MouseClient.cpp
  TextureManager.cpp
  Texture.cpp
  SpriteComponent.cpp
  RoboCatClient.cpp
  ReplicationManagerClient.cpp
  RenderManager.cpp
h:\college_year4\multiplayer_ca3\multiplayerca3\robocatclient\src\rendermanager.cpp(92): warning C4244: '=': conversion from 'float' to 'int', possible loss of data
h:\college_year4\multiplayer_ca3\multiplayerca3\robocatclient\src\rendermanager.cpp(93): warning C4244: '=': conversion from 'float' to 'int', possible loss of data
  NetworkManagerClient.cpp
  InputManager.cpp
  HUD.cpp
  GraphicsDriver.cpp
  ClientMain.cpp
  Client.cpp
  YarnClient.cpp
  Generating Code...
  RoboCatClient.vcxproj -> H:\College_Year4\Multiplayer_CA3\MultiplayerCA3\Debug\RoboCatClient.exe
  H:\College_Year4\Multiplayer_CA3\MultiplayerCA3\RoboCatClient\\..\SDL\lib\win\x86\libfreetype-6.dll
  H:\College_Year4\Multiplayer_CA3\MultiplayerCA3\RoboCatClient\\..\SDL\lib\win\x86\libogg-0.dll
  H:\College_Year4\Multiplayer_CA3\MultiplayerCA3\RoboCatClient\\..\SDL\lib\win\x86\libpng16-16.dll
  H:\College_Year4\Multiplayer_CA3\MultiplayerCA3\RoboCatClient\\..\SDL\lib\win\x86\libvorbis-0.dll
  H:\College_Year4\Multiplayer_CA3\MultiplayerCA3\RoboCatClient\\..\SDL\lib\win\x86\libvorbisfile-3.dll
  H:\College_Year4\Multiplayer_CA3\MultiplayerCA3\RoboCatClient\\..\SDL\lib\win\x86\SDL2.dll
  H:\College_Year4\Multiplayer_CA3\MultiplayerCA3\RoboCatClient\\..\SDL\lib\win\x86\SDL2_image.dll
  H:\College_Year4\Multiplayer_CA3\MultiplayerCA3\RoboCatClient\\..\SDL\lib\win\x86\SDL2_mixer.dll
  H:\College_Year4\Multiplayer_CA3\MultiplayerCA3\RoboCatClient\\..\SDL\lib\win\x86\SDL2_ttf.dll
  H:\College_Year4\Multiplayer_CA3\MultiplayerCA3\RoboCatClient\\..\SDL\lib\win\x86\zlib1.dll
  10 File(s) copied
