h:\college_year4\multiplayer_ca3\multiplayerca3\robocat\debug\robocat.pch
h:\college_year4\multiplayer_ca3\multiplayerca3\robocat\debug\robocat.pdb
h:\college_year4\multiplayer_ca3\multiplayerca3\robocat\debug\robocat.idb
h:\college_year4\multiplayer_ca3\multiplayerca3\robocat\debug\robocatpch.obj
h:\college_year4\multiplayer_ca3\multiplayerca3\robocat\debug\tcpsocket.obj
h:\college_year4\multiplayer_ca3\multiplayerca3\robocat\debug\stringutils.obj
h:\college_year4\multiplayer_ca3\multiplayerca3\robocat\debug\socketutil.obj
h:\college_year4\multiplayer_ca3\multiplayerca3\robocat\debug\socketaddressfactory.obj
h:\college_year4\multiplayer_ca3\multiplayerca3\robocat\debug\socketaddress.obj
h:\college_year4\multiplayer_ca3\multiplayerca3\robocat\debug\robocat.obj
h:\college_year4\multiplayer_ca3\multiplayerca3\robocat\debug\scoreboardmanager.obj
h:\college_year4\multiplayer_ca3\multiplayerca3\robocat\debug\robomath.obj
h:\college_year4\multiplayer_ca3\multiplayerca3\robocat\debug\networkmanager.obj
h:\college_year4\multiplayer_ca3\multiplayerca3\robocat\debug\movelist.obj
h:\college_year4\multiplayer_ca3\multiplayerca3\robocat\debug\move.obj
h:\college_year4\multiplayer_ca3\multiplayerca3\robocat\debug\memorybitstream.obj
h:\college_year4\multiplayer_ca3\multiplayerca3\robocat\debug\inputstate.obj
h:\college_year4\multiplayer_ca3\multiplayerca3\robocat\debug\inflightpacket.obj
h:\college_year4\multiplayer_ca3\multiplayerca3\robocat\debug\gameobjectregistry.obj
h:\college_year4\multiplayer_ca3\multiplayerca3\robocat\debug\engine.obj
h:\college_year4\multiplayer_ca3\multiplayerca3\robocat\debug\deliverynotificationmanager.obj
h:\college_year4\multiplayer_ca3\multiplayerca3\robocat\debug\ackrange.obj
h:\college_year4\multiplayer_ca3\multiplayerca3\robocat\debug\yarn.obj
h:\college_year4\multiplayer_ca3\multiplayerca3\robocat\debug\lobbymanager.obj
h:\college_year4\multiplayer_ca3\multiplayerca3\robocat\debug\world.obj
h:\college_year4\multiplayer_ca3\multiplayerca3\robocat\debug\udpsocket.obj
h:\college_year4\multiplayer_ca3\multiplayerca3\robocat\debug\mouse.obj
h:\college_year4\multiplayer_ca3\multiplayerca3\robocat\debug\gameobject.obj
h:\college_year4\multiplayer_ca3\multiplayerca3\robocat\debug\timing.obj
h:\college_year4\multiplayer_ca3\multiplayerca3\robocat\bin\debug\robocat.lib
h:\college_year4\multiplayer_ca3\multiplayerca3\robocat\debug\robocat.tlog\cl.command.1.tlog
h:\college_year4\multiplayer_ca3\multiplayerca3\robocat\debug\robocat.tlog\cl.read.1.tlog
h:\college_year4\multiplayer_ca3\multiplayerca3\robocat\debug\robocat.tlog\cl.write.1.tlog
h:\college_year4\multiplayer_ca3\multiplayerca3\robocat\debug\robocat.tlog\lib-link.read.1.tlog
h:\college_year4\multiplayer_ca3\multiplayerca3\robocat\debug\robocat.tlog\lib-link.write.1.tlog
h:\college_year4\multiplayer_ca3\multiplayerca3\robocat\debug\robocat.tlog\lib.command.1.tlog
