  RoboCatPCH.cpp
  LobbyManager.cpp
h:\college_year4\multiplayer_ca3\multiplayerca3\robocat\src\lobbymanager.cpp(101): warning C4389: '!=': signed/unsigned mismatch
h:\college_year4\multiplayer_ca3\multiplayerca3\robocat\src\lobbymanager.cpp(118): warning C4389: '!=': signed/unsigned mismatch
  Yarn.cpp
  AckRange.cpp
  DeliveryNotificationManager.cpp
  Engine.cpp
  GameObjectRegistry.cpp
  InFlightPacket.cpp
  InputState.cpp
  MemoryBitStream.cpp
  Move.cpp
  MoveList.cpp
  NetworkManager.cpp
  RoboMath.cpp
  ScoreBoardManager.cpp
  RoboCat.cpp
  SocketAddress.cpp
  SocketAddressFactory.cpp
  SocketUtil.cpp
h:\college_year4\multiplayer_ca3\multiplayerca3\robocat\src\socketutil.cpp(90): warning C4100: 'ioNaxNfds': unreferenced formal parameter
  StringUtils.cpp
  TCPSocket.cpp
  Generating Code...
  Compiling...
  Timing.cpp
  GameObject.cpp
  Mouse.cpp
  UDPSocket.cpp
  World.cpp
  Generating Code...
  RoboCat.vcxproj -> H:\College_Year4\Multiplayer_CA3\MultiplayerCA3\RoboCat\Bin\Debug\RoboCat.lib
