h:\college_year4\multiplayer_ca3\multiplayerca3\robocatserver\debug\robocatserver.pch
h:\college_year4\multiplayer_ca3\multiplayerca3\robocatserver\debug\vc141.pdb
h:\college_year4\multiplayer_ca3\multiplayerca3\robocatserver\debug\vc141.idb
h:\college_year4\multiplayer_ca3\multiplayerca3\robocatserver\debug\robocatserverpch.obj
h:\college_year4\multiplayer_ca3\multiplayerca3\robocatserver\debug\yarnserver.obj
h:\college_year4\multiplayer_ca3\multiplayerca3\robocatserver\debug\clientproxy.obj
h:\college_year4\multiplayer_ca3\multiplayerca3\robocatserver\debug\replicationmanagerserver.obj
h:\college_year4\multiplayer_ca3\multiplayerca3\robocatserver\debug\replicationmanagertransmissiondata.obj
h:\college_year4\multiplayer_ca3\multiplayerca3\robocatserver\debug\server.obj
h:\college_year4\multiplayer_ca3\multiplayerca3\robocatserver\debug\servermain.obj
h:\college_year4\multiplayer_ca3\multiplayerca3\robocatserver\debug\networkmanagerserver.obj
h:\college_year4\multiplayer_ca3\multiplayerca3\robocatserver\debug\robocatserver.obj
h:\college_year4\multiplayer_ca3\multiplayerca3\robocatserver\debug\mouseserver.obj
h:\college_year4\multiplayer_ca3\multiplayerca3\debug\robocatserver.pdb
h:\college_year4\multiplayer_ca3\multiplayerca3\robocatserver\debug\robocatserver.tlog\cl.command.1.tlog
h:\college_year4\multiplayer_ca3\multiplayerca3\robocatserver\debug\robocatserver.tlog\cl.read.1.tlog
h:\college_year4\multiplayer_ca3\multiplayerca3\robocatserver\debug\robocatserver.tlog\cl.write.1.tlog
h:\college_year4\multiplayer_ca3\multiplayerca3\robocatserver\debug\robocatserver.tlog\link-cvtres.read.1.tlog
h:\college_year4\multiplayer_ca3\multiplayerca3\robocatserver\debug\robocatserver.tlog\link-cvtres.write.1.tlog
h:\college_year4\multiplayer_ca3\multiplayerca3\robocatserver\debug\robocatserver.tlog\link-rc.read.1.tlog
h:\college_year4\multiplayer_ca3\multiplayerca3\robocatserver\debug\robocatserver.tlog\link-rc.write.1.tlog
h:\college_year4\multiplayer_ca3\multiplayerca3\robocatserver\debug\robocatserver.tlog\link.command.1.tlog
h:\college_year4\multiplayer_ca3\multiplayerca3\robocatserver\debug\robocatserver.tlog\link.read.1.tlog
h:\college_year4\multiplayer_ca3\multiplayerca3\robocatserver\debug\robocatserver.tlog\link.write.1.tlog
